<?xml version="1.0" encoding="UTF-8"?>
<!-- Generated by org.testng.reporters.JUnitReportReporter -->
<testsuite hostname="AMMI-PC" name="Mevan_Project.Mevan_Project.Login" tests="2" failures="0" timestamp="6 Oct 2018 05:15:32 GMT" time="0.074" errors="0">
  <testcase name="CreateAccount" time="0.071" classname="Mevan_Project.Mevan_Project.Login"/>
  <testcase name="UpdateAccount" time="0.003" classname="Mevan_Project.Mevan_Project.Login"/>
</testsuite> <!-- Mevan_Project.Mevan_Project.Login -->
